mode: atomic
webapi/pkg/infra/environments/env.go:12.24,14.17 2 2
webapi/pkg/infra/environments/env.go:17.2,17.52 1 2
webapi/pkg/infra/environments/env.go:14.17,16.3 1 1
webapi/pkg/app/errors/bad_request_error.go:7.41,9.2 1 0
webapi/pkg/app/errors/bad_request_error.go:11.41,13.2 1 0
webapi/pkg/app/errors/conflict_error.go:7.39,9.2 1 3
webapi/pkg/app/errors/conflict_error.go:11.39,13.2 1 2
webapi/pkg/app/errors/internal_error.go:7.39,9.2 1 1
webapi/pkg/app/errors/internal_error.go:11.39,13.2 1 1
webapi/pkg/app/errors/not_found_error.go:7.39,9.2 1 1
webapi/pkg/app/errors/not_found_error.go:11.39,13.2 1 1
webapi/pkg/app/errors/unauthorize_error.go:7.42,9.2 1 0
webapi/pkg/app/errors/unauthorize_error.go:11.42,13.2 1 1
webapi/pkg/infra/hasher/hahser.go:17.55,19.16 2 2
webapi/pkg/infra/hasher/hahser.go:24.2,24.28 1 1
webapi/pkg/infra/hasher/hahser.go:19.16,22.3 2 1
webapi/pkg/infra/hasher/hahser.go:27.62,28.78 1 2
webapi/pkg/infra/hasher/hahser.go:32.2,32.13 1 1
webapi/pkg/infra/hasher/hahser.go:28.78,30.3 1 1
webapi/pkg/infra/hasher/hahser.go:35.62,39.2 1 4
webapi/pkg/infra/hasher/mocks.go:14.79,15.15 1 2
webapi/pkg/infra/hasher/mocks.go:19.2,19.20 1 1
webapi/pkg/infra/hasher/mocks.go:15.15,17.3 1 1
webapi/pkg/infra/hasher/mocks.go:22.74,23.15 1 2
webapi/pkg/infra/hasher/mocks.go:27.2,27.12 1 1
webapi/pkg/infra/hasher/mocks.go:23.15,25.3 1 1
webapi/pkg/infra/hasher/mocks.go:30.61,35.2 1 4
webapi/pkg/infra/hasher/mocks.go:42.37,49.2 2 4
webapi/pkg/infra/http_server/http_server.go:28.32,31.2 2 7
webapi/pkg/infra/http_server/http_server.go:33.109,34.16 1 5
webapi/pkg/infra/http_server/http_server.go:49.2,49.12 1 4
webapi/pkg/infra/http_server/http_server.go:35.31,36.37 1 1
webapi/pkg/infra/http_server/http_server.go:38.30,39.36 1 1
webapi/pkg/infra/http_server/http_server.go:41.30,42.36 1 1
webapi/pkg/infra/http_server/http_server.go:44.33,45.39 1 1
webapi/pkg/infra/http_server/http_server.go:46.10,47.47 1 1
webapi/pkg/infra/http_server/http_server.go:52.73,54.2 1 0
webapi/pkg/infra/http_server/http_server.go:56.35,61.2 3 0
webapi/pkg/infra/http_server/http_server.go:63.59,67.2 1 0
webapi/pkg/infra/http_server/mocks.go:17.84,19.16 2 4
webapi/pkg/infra/http_server/mocks.go:23.2,26.24 3 4
webapi/pkg/infra/http_server/mocks.go:19.16,21.3 1 0
webapi/pkg/infra/http_server/mocks.go:29.45,38.2 3 7
webapi/pkg/infra/database/connection.go:12.70,14.16 2 2
webapi/pkg/infra/database/connection.go:19.2,20.16 2 1
webapi/pkg/infra/database/connection.go:25.2,25.16 1 1
webapi/pkg/infra/database/connection.go:14.16,17.3 2 1
webapi/pkg/infra/database/connection.go:20.16,23.3 2 0
webapi/pkg/infra/logger/logger.go:21.49,23.49 2 2
webapi/pkg/infra/logger/logger.go:26.2,26.21 1 1
webapi/pkg/infra/logger/logger.go:23.49,25.3 1 1
webapi/pkg/infra/logger/logger.go:29.53,69.2 6 1
webapi/pkg/infra/logger/logger.go:71.41,78.2 1 0
webapi/pkg/infra/logger/logger.go:80.38,81.68 1 0
webapi/pkg/infra/logger/logger.go:84.2,84.67 1 0
webapi/pkg/infra/logger/logger.go:88.2,88.42 1 0
webapi/pkg/infra/logger/logger.go:99.2,100.16 2 0
webapi/pkg/infra/logger/logger.go:105.2,110.3 2 0
webapi/pkg/infra/logger/logger.go:81.68,83.3 1 0
webapi/pkg/infra/logger/logger.go:84.67,86.3 1 0
webapi/pkg/infra/logger/logger.go:88.42,97.3 4 0
webapi/pkg/infra/logger/logger.go:100.16,103.3 2 0
webapi/pkg/infra/logger/logger.go:113.26,115.19 2 0
webapi/pkg/infra/logger/logger.go:119.2,119.19 1 0
webapi/pkg/infra/logger/logger.go:115.19,117.3 1 0
webapi/pkg/infra/logger/logger.go:122.39,124.18 2 0
webapi/pkg/infra/logger/logger.go:125.15,126.24 1 0
webapi/pkg/infra/logger/logger.go:127.14,128.23 1 0
webapi/pkg/infra/logger/logger.go:129.14,130.23 1 0
webapi/pkg/infra/logger/logger.go:131.15,132.24 1 0
webapi/pkg/infra/logger/logger.go:133.15,134.24 1 0
webapi/pkg/infra/logger/logger.go:135.10,136.23 1 0
webapi/pkg/infra/logger/logger.go:140.37,144.2 1 0
webapi/pkg/infra/logger/logger_spy.go:19.53,21.28 2 1
webapi/pkg/infra/logger/logger_spy.go:21.29,21.30 0 0
webapi/pkg/infra/logger/logger_spy.go:23.61,23.62 0 1
webapi/pkg/infra/logger/logger_spy.go:24.61,24.62 0 1
webapi/pkg/infra/logger/logger_spy.go:25.61,25.62 0 1
webapi/pkg/infra/logger/logger_spy.go:26.61,26.62 0 1
webapi/pkg/infra/logger/logger_spy.go:27.61,27.62 0 0
webapi/pkg/infra/logger/logger_spy.go:29.40,38.2 1 2
webapi/pkg/infra/logger/mocks.go:13.43,17.2 1 2
webapi/pkg/infra/logger/mocks.go:24.37,35.2 3 4
webapi/pkg/infra/adapters/middleware_adapt.go:12.143,13.32 1 2
webapi/pkg/infra/adapters/middleware_adapt.go:13.32,15.17 2 2
webapi/pkg/infra/adapters/middleware_adapt.go:21.3,23.49 2 1
webapi/pkg/infra/adapters/middleware_adapt.go:28.3,29.9 2 1
webapi/pkg/infra/adapters/middleware_adapt.go:15.17,19.4 3 1
webapi/pkg/infra/adapters/middleware_adapt.go:23.49,26.4 2 0
webapi/pkg/infra/adapters/middleware_adapt.go:29.9,31.4 1 0
webapi/pkg/infra/adapters/mocks.go:20.49,22.2 1 3
webapi/pkg/infra/adapters/mocks.go:24.66,26.21 2 6
webapi/pkg/infra/adapters/mocks.go:32.2,37.3 1 6
webapi/pkg/infra/adapters/mocks.go:26.21,28.3 1 3
webapi/pkg/infra/adapters/mocks.go:28.8,30.3 1 3
webapi/pkg/infra/adapters/mocks.go:40.61,46.2 4 6
webapi/pkg/infra/adapters/mocks.go:57.69,59.86 2 2
webapi/pkg/infra/adapters/mocks.go:64.2,75.3 4 2
webapi/pkg/infra/adapters/mocks.go:59.86,62.3 2 1
webapi/pkg/infra/adapters/mocks.go:87.75,89.86 2 2
webapi/pkg/infra/adapters/mocks.go:94.2,105.3 4 2
webapi/pkg/infra/adapters/mocks.go:89.86,92.3 2 1
webapi/pkg/infra/adapters/handler_adapt.go:12.140,13.32 1 2
webapi/pkg/infra/adapters/handler_adapt.go:13.32,15.17 2 2
webapi/pkg/infra/adapters/handler_adapt.go:21.3,23.43 2 1
webapi/pkg/infra/adapters/handler_adapt.go:15.17,19.4 3 1
webapi/pkg/infra/adapters/helper.go:12.73,14.16 2 6
webapi/pkg/infra/adapters/helper.go:17.2,20.35 3 3
webapi/pkg/infra/adapters/helper.go:24.2,33.8 2 3
webapi/pkg/infra/adapters/helper.go:14.16,16.3 1 3
webapi/pkg/infra/adapters/helper.go:20.35,22.3 1 3
webapi/pkg/infra/validator/validator.go:14.69,18.16 3 2
webapi/pkg/infra/validator/validator.go:22.2,25.49 3 1
webapi/pkg/infra/validator/validator.go:33.2,33.23 1 1
webapi/pkg/infra/validator/validator.go:18.16,20.3 1 1
webapi/pkg/infra/validator/validator.go:25.49,31.3 1 1
webapi/pkg/infra/validator/validator.go:36.43,38.2 1 2
webapi/pkg/infra/validator/mocks.go:9.43,13.2 2 2
webapi/pkg/infra/repositories/mocks.go:25.53,27.16 2 3
webapi/pkg/infra/repositories/mocks.go:31.2,50.3 4 3
webapi/pkg/infra/repositories/mocks.go:27.16,29.3 1 0
webapi/pkg/infra/repositories/user_repository.go:19.106,35.16 4 0
webapi/pkg/infra/repositories/user_repository.go:40.2,43.16 3 0
webapi/pkg/infra/repositories/user_repository.go:47.2,55.16 1 0
webapi/pkg/infra/repositories/user_repository.go:63.2,63.21 1 0
webapi/pkg/infra/repositories/user_repository.go:35.16,38.3 2 0
webapi/pkg/infra/repositories/user_repository.go:43.16,45.3 1 0
webapi/pkg/infra/repositories/user_repository.go:55.16,56.50 1 0
webapi/pkg/infra/repositories/user_repository.go:60.3,61.18 2 0
webapi/pkg/infra/repositories/user_repository.go:56.50,58.4 1 0
webapi/pkg/infra/repositories/user_repository.go:66.115,82.16 4 0
webapi/pkg/infra/repositories/user_repository.go:87.2,90.16 3 0
webapi/pkg/infra/repositories/user_repository.go:94.2,102.16 1 0
webapi/pkg/infra/repositories/user_repository.go:110.2,110.21 1 0
webapi/pkg/infra/repositories/user_repository.go:82.16,85.3 2 0
webapi/pkg/infra/repositories/user_repository.go:90.16,92.3 1 0
webapi/pkg/infra/repositories/user_repository.go:102.16,103.50 1 0
webapi/pkg/infra/repositories/user_repository.go:107.3,108.18 2 0
webapi/pkg/infra/repositories/user_repository.go:103.50,105.4 1 0
webapi/pkg/infra/repositories/user_repository.go:113.120,123.16 4 3
webapi/pkg/infra/repositories/user_repository.go:128.2,131.16 3 3
webapi/pkg/infra/repositories/user_repository.go:135.2,143.16 1 3
webapi/pkg/infra/repositories/user_repository.go:148.2,148.21 1 1
webapi/pkg/infra/repositories/user_repository.go:123.16,126.3 2 0
webapi/pkg/infra/repositories/user_repository.go:131.16,133.3 1 0
webapi/pkg/infra/repositories/user_repository.go:143.16,146.3 2 2
webapi/pkg/infra/repositories/user_repository.go:151.134,157.2 1 3
webapi/pkg/interfaces/http/handlers/authentication_handler.go:22.89,24.65 2 0
webapi/pkg/interfaces/http/handlers/authentication_handler.go:29.2,29.82 1 0
webapi/pkg/interfaces/http/handlers/authentication_handler.go:34.2,35.16 2 0
webapi/pkg/interfaces/http/handlers/authentication_handler.go:39.2,39.62 1 0
webapi/pkg/interfaces/http/handlers/authentication_handler.go:24.65,27.3 2 0
webapi/pkg/interfaces/http/handlers/authentication_handler.go:29.82,32.3 2 0
webapi/pkg/interfaces/http/handlers/authentication_handler.go:35.16,37.3 1 0
webapi/pkg/interfaces/http/handlers/authentication_handler.go:42.158,48.2 1 0
webapi/pkg/interfaces/http/handlers/inventory_handler.go:18.85,21.2 2 0
webapi/pkg/interfaces/http/handlers/inventory_handler.go:23.84,26.2 2 0
webapi/pkg/interfaces/http/handlers/inventory_handler.go:28.104,33.2 1 0
webapi/pkg/interfaces/http/handlers/mocks.go:19.89,32.2 6 4
webapi/pkg/interfaces/http/handlers/mocks.go:38.76,39.27 1 3
webapi/pkg/interfaces/http/handlers/mocks.go:46.2,46.12 1 2
webapi/pkg/interfaces/http/handlers/mocks.go:39.27,45.3 1 1
webapi/pkg/interfaces/http/handlers/mocks.go:53.132,55.2 1 2
webapi/pkg/interfaces/http/handlers/user_handler.go:22.80,24.65 2 4
webapi/pkg/interfaces/http/handlers/user_handler.go:28.2,28.82 1 3
webapi/pkg/interfaces/http/handlers/user_handler.go:33.2,34.16 2 2
webapi/pkg/interfaces/http/handlers/user_handler.go:38.2,38.63 1 1
webapi/pkg/interfaces/http/handlers/user_handler.go:24.65,26.3 1 1
webapi/pkg/interfaces/http/handlers/user_handler.go:28.82,31.3 2 1
webapi/pkg/interfaces/http/handlers/user_handler.go:34.16,36.3 1 1
webapi/pkg/interfaces/http/handlers/user_handler.go:41.134,47.2 1 4
webapi/pkg/infra/token_manager/mocks.go:14.79,15.43 1 8
webapi/pkg/infra/token_manager/mocks.go:15.43,16.14 1 8
webapi/pkg/infra/token_manager/mocks.go:20.3,20.28 1 6
webapi/pkg/infra/token_manager/mocks.go:16.14,18.4 1 2
webapi/pkg/infra/token_manager/mocks.go:24.95,25.51 1 2
webapi/pkg/infra/token_manager/mocks.go:25.51,26.14 1 2
webapi/pkg/infra/token_manager/mocks.go:30.3,30.44 1 1
webapi/pkg/infra/token_manager/mocks.go:26.14,28.4 1 1
webapi/pkg/infra/token_manager/mocks.go:35.93,36.50 1 4
webapi/pkg/infra/token_manager/mocks.go:36.50,37.14 1 4
webapi/pkg/infra/token_manager/mocks.go:41.3,43.30 2 3
webapi/pkg/infra/token_manager/mocks.go:37.14,39.4 1 1
webapi/pkg/infra/token_manager/mocks.go:48.111,49.70 1 1
webapi/pkg/infra/token_manager/mocks.go:49.70,50.14 1 1
webapi/pkg/infra/token_manager/mocks.go:54.3,58.4 1 1
webapi/pkg/infra/token_manager/mocks.go:50.14,52.4 1 0
webapi/pkg/infra/token_manager/mocks.go:62.151,63.94 1 3
webapi/pkg/infra/token_manager/mocks.go:63.94,64.14 1 3
webapi/pkg/infra/token_manager/mocks.go:68.3,74.9 1 2
webapi/pkg/infra/token_manager/mocks.go:64.14,66.4 1 1
webapi/pkg/infra/token_manager/token_manager.go:27.84,29.16 2 3
webapi/pkg/infra/token_manager/token_manager.go:34.2,35.16 2 2
webapi/pkg/infra/token_manager/token_manager.go:40.2,52.16 3 1
webapi/pkg/infra/token_manager/token_manager.go:57.2,57.19 1 1
webapi/pkg/infra/token_manager/token_manager.go:29.16,32.3 2 1
webapi/pkg/infra/token_manager/token_manager.go:35.16,38.3 2 1
webapi/pkg/infra/token_manager/token_manager.go:52.16,55.3 2 0
webapi/pkg/infra/token_manager/token_manager.go:60.93,62.16 2 5
webapi/pkg/infra/token_manager/token_manager.go:67.2,68.16 2 4
webapi/pkg/infra/token_manager/token_manager.go:73.2,76.50 1 3
webapi/pkg/infra/token_manager/token_manager.go:84.2,84.16 1 3
webapi/pkg/infra/token_manager/token_manager.go:88.2,89.25 2 2
webapi/pkg/infra/token_manager/token_manager.go:93.2,93.55 1 2
webapi/pkg/infra/token_manager/token_manager.go:97.2,104.8 2 1
webapi/pkg/infra/token_manager/token_manager.go:62.16,65.3 2 1
webapi/pkg/infra/token_manager/token_manager.go:68.16,71.3 2 1
webapi/pkg/infra/token_manager/token_manager.go:76.50,77.61 1 0
webapi/pkg/infra/token_manager/token_manager.go:81.4,81.25 1 0
webapi/pkg/infra/token_manager/token_manager.go:77.61,80.5 2 0
webapi/pkg/infra/token_manager/token_manager.go:84.16,86.3 1 1
webapi/pkg/infra/token_manager/token_manager.go:89.25,91.3 1 0
webapi/pkg/infra/token_manager/token_manager.go:93.55,95.3 1 1
webapi/pkg/infra/token_manager/token_manager.go:107.74,111.2 1 1
